<?xml version="1.0" encoding="UTF-8"?>
<!-- Generated by org.testng.reporters.JUnitXMLReporter -->
<testsuite ignored="0" hostname="DESKTOP-TBK7MGN" failures="0" tests="6" name="InWarrenty Flow Test" time="4.545" errors="0" timestamp="2026-05-20T22:13:25 IST">
  <testcase classname="com.api.test.LoginAPITest" name="loginAPITest" time="2.69"/>
  <testcase classname="com.api.test.UserDetailsAPITest" name="userDetailsAPITest" time="0.392"/>
  <testcase classname="com.api.test.CountAPITest" name="countAPITest_MissingAuthToken" time="0.425"/>
  <testcase classname="com.api.test.CountAPITest" name="verifyCountAPIResponse" time="0.339"/>
  <testcase classname="com.api.test.MasterAPITest" name="invalidTokenMasterAPITest" time="0.121"/>
  <testcase classname="com.api.test.MasterAPITest" name="verifyMasterAPI" time="0.518"/>
</testsuite> <!-- InWarrenty Flow Test -->
