<?xml version="1.0" encoding="UTF-8"?>
<!-- Generated by org.testng.reporters.JUnitXMLReporter -->
<testsuite ignored="1" hostname="DESKTOP-TBK7MGN" failures="0" tests="1" name="Default test" time="2.05" errors="0" timestamp="2026-05-11T14:28:31 IST">
  <testcase classname="com.api.test.MasterAPITest" name="invalidTokenMasterAPITest" time="2.005"/>
  <testcase classname="com.api.test.MasterAPITest" name="verifyMasterAPI" time="0.0">
    <ignored/>
  </testcase> <!-- verifyMasterAPI -->
</testsuite> <!-- Default test -->
