<?xml version="1.0" encoding="UTF-8"?>
<!-- Generated by org.testng.reporters.JUnitXMLReporter -->
<testsuite ignored="0" hostname="DESKTOP-TBK7MGN" failures="0" tests="4" name="InWarrenty Flow Test" time="4.424" errors="0" timestamp="2026-05-12T11:02:46 IST">
  <testcase classname="com.api.test.LoginAPITest" name="loginAPITest" time="2.947"/>
  <testcase classname="com.api.test.UserDetailsAPITest" name="userDetailsAPITest" time="0.395"/>
  <testcase classname="com.api.test.CountAPITest" name="countAPITest_MissingAuthToken" time="0.476"/>
  <testcase classname="com.api.test.CountAPITest" name="verifyCountAPIResponse" time="0.542"/>
</testsuite> <!-- InWarrenty Flow Test -->
