<?xml version="1.0" encoding="UTF-8"?>
<testng-results ignored="0" total="6" passed="6" failed="0" skipped="0">
  <reporter-output>
  </reporter-output>
  <suite started-at="2026-05-20T22:13:20 IST" name="Phoenix API Test Suite" finished-at="2026-05-20T22:13:25 IST" duration-ms="4545">
    <groups>
    </groups>
    <test started-at="2026-05-20T22:13:20 IST" name="InWarrenty Flow Test" finished-at="2026-05-20T22:13:25 IST" duration-ms="4545">
      <class name="com.api.test.CountAPITest">
        <test-method signature="countAPITest_MissingAuthToken()[pri:0, instance:com.api.test.CountAPITest@55182842]" started-at="2026-05-20T22:13:23 IST" name="countAPITest_MissingAuthToken" finished-at="2026-05-20T22:13:24 IST" duration-ms="425" status="PASS">
          <reporter-output>
          </reporter-output>
        </test-method> <!-- countAPITest_MissingAuthToken -->
        <test-method signature="verifyCountAPIResponse()[pri:0, instance:com.api.test.CountAPITest@55182842]" started-at="2026-05-20T22:13:24 IST" name="verifyCountAPIResponse" finished-at="2026-05-20T22:13:24 IST" duration-ms="339" status="PASS">
          <reporter-output>
          </reporter-output>
        </test-method> <!-- verifyCountAPIResponse -->
      </class> <!-- com.api.test.CountAPITest -->
      <class name="com.api.test.MasterAPITest">
        <test-method signature="invalidTokenMasterAPITest()[pri:0, instance:com.api.test.MasterAPITest@3270d194]" started-at="2026-05-20T22:13:24 IST" name="invalidTokenMasterAPITest" finished-at="2026-05-20T22:13:24 IST" duration-ms="121" status="PASS">
          <reporter-output>
          </reporter-output>
        </test-method> <!-- invalidTokenMasterAPITest -->
        <test-method signature="verifyMasterAPI()[pri:0, instance:com.api.test.MasterAPITest@3270d194]" started-at="2026-05-20T22:13:24 IST" name="verifyMasterAPI" finished-at="2026-05-20T22:13:25 IST" duration-ms="518" status="PASS">
          <reporter-output>
          </reporter-output>
        </test-method> <!-- verifyMasterAPI -->
      </class> <!-- com.api.test.MasterAPITest -->
      <class name="com.api.test.LoginAPITest">
        <test-method signature="loginAPITest()[pri:0, instance:com.api.test.LoginAPITest@368f2016]" started-at="2026-05-20T22:13:20 IST" name="loginAPITest" finished-at="2026-05-20T22:13:23 IST" duration-ms="2690" status="PASS">
          <reporter-output>
          </reporter-output>
        </test-method> <!-- loginAPITest -->
      </class> <!-- com.api.test.LoginAPITest -->
      <class name="com.api.test.UserDetailsAPITest">
        <test-method signature="userDetailsAPITest()[pri:0, instance:com.api.test.UserDetailsAPITest@55141def]" started-at="2026-05-20T22:13:23 IST" name="userDetailsAPITest" finished-at="2026-05-20T22:13:23 IST" duration-ms="392" status="PASS">
          <reporter-output>
          </reporter-output>
        </test-method> <!-- userDetailsAPITest -->
      </class> <!-- com.api.test.UserDetailsAPITest -->
    </test> <!-- InWarrenty Flow Test -->
  </suite> <!-- Phoenix API Test Suite -->
</testng-results>
