<?xml version="1.0" encoding="UTF-8"?>
<testng-results ignored="0" total="1" passed="1" failed="0" skipped="0">
  <reporter-output>
  </reporter-output>
  <suite started-at="2026-06-06T23:20:09 IST" name="Default suite" finished-at="2026-06-06T23:20:12 IST" duration-ms="3373">
    <groups>
    </groups>
    <test started-at="2026-06-06T23:20:09 IST" name="Default test" finished-at="2026-06-06T23:20:12 IST" duration-ms="3373">
      <class name="com.api.test.UserDetailsAPITest">
        <test-method signature="userDetailsAPITest()[pri:0, instance:com.api.test.UserDetailsAPITest@2a4fb17b]" started-at="2026-06-06T23:20:09 IST" name="userDetailsAPITest" finished-at="2026-06-06T23:20:12 IST" duration-ms="3333" status="PASS">
          <reporter-output>
          </reporter-output>
        </test-method> <!-- userDetailsAPITest -->
      </class> <!-- com.api.test.UserDetailsAPITest -->
    </test> <!-- Default test -->
  </suite> <!-- Default suite -->
</testng-results>
