<?xml version="1.0" encoding="UTF-8"?>
<!-- Generated by org.testng.reporters.JUnitReportReporter -->
<testsuite hostname="DESKTOP-TBK7MGN" failures="0" tests="2" name="com.api.test.CountAPITest" time="0.764" errors="0" timestamp="2026-05-20T22:13:25 IST" skipped="0">
  <testcase classname="com.api.test.CountAPITest" name="countAPITest_MissingAuthToken" time="0.425"/>
  <testcase classname="com.api.test.CountAPITest" name="verifyCountAPIResponse" time="0.339"/>
</testsuite> <!-- com.api.test.CountAPITest -->
