<?xml version="1.0" encoding="UTF-8"?>
<!-- Generated by org.testng.reporters.JUnitReportReporter -->
<testsuite hostname="DESKTOP-TBK7MGN" failures="0" tests="2" name="com.api.test.MasterAPITest" time="3.700" errors="0" timestamp="2026-06-06T23:20:02 IST" skipped="0">
  <testcase classname="com.api.test.MasterAPITest" name="invalidTokenMasterAPITest" time="2.064"/>
  <testcase classname="com.api.test.MasterAPITest" name="verifyMasterAPI" time="1.636"/>
</testsuite> <!-- com.api.test.MasterAPITest -->
