<?xml version="1.0" encoding="UTF-8"?>
<!-- Generated by org.testng.reporters.JUnitReportReporter -->
<testsuite hostname="DESKTOP-TBK7MGN" failures="0" tests="2" name="com.api.test.CountAPITest" time="4.041" errors="0" timestamp="2026-05-11T11:04:14 IST" skipped="0">
  <testcase classname="com.api.test.CountAPITest" name="countAPITest_MissingAuthToken" time="2.307"/>
  <testcase classname="com.api.test.CountAPITest" name="verifyCountAPIResponse" time="1.734"/>
</testsuite> <!-- com.api.test.CountAPITest -->
